app/build/intermediates/manifest_merge_blame_file/debug/manifest-merger-blame-debug-report.txt
1<?xml version="1.0" encoding="utf-8"?>
2<manifest xmlns:android="http://schemas.android.com/apk/res/android"
3    package="com.example.qrhunt"
4    android:versionCode="1"
5    android:versionName="1.0" >
6
7    <uses-sdk
8        android:minSdkVersion="21"
8-->src\main\AndroidManifest.xml
9        android:targetSdkVersion="32" />
9-->src\main\AndroidManifest.xml
10
11    <uses-permission android:name="android.permission.CAMERA" />
11-->src\main\AndroidManifest.xml:5:5-65
11-->src\main\AndroidManifest.xml:5:22-62
12    <uses-permission android:name="android.permission.ACCESS_FINE_LOCATION" />
12-->src\main\AndroidManifest.xml:6:5-79
12-->src\main\AndroidManifest.xml:6:22-76
13    <uses-permission android:name="android.permission.ACCESS_COARSE_LOCATION" />
13-->src\main\AndroidManifest.xml:7:5-81
13-->src\main\AndroidManifest.xml:7:22-78
14    <uses-permission android:name="android.permission.INTERNET" />
14-->src\main\AndroidManifest.xml:8:5-67
14-->src\main\AndroidManifest.xml:8:22-64
15    <uses-permission android:name="android.permission.READ_PHONE_STATE" />
15-->src\main\AndroidManifest.xml:9:5-75
15-->src\main\AndroidManifest.xml:9:22-72
16    <uses-permission android:name="android.permission.READ_PRIVILEGED_PHONE_STATE" />
16-->src\main\AndroidManifest.xml:11:5-86
16-->src\main\AndroidManifest.xml:11:22-83
17
18    <!-- Although the *SdkVersion is captured in gradle build files, this is required for non gradle builds -->
19    <!-- <uses-sdk android:minSdkVersion="14" /> -->
20    <uses-permission android:name="android.permission.ACCESS_NETWORK_STATE" />
20-->[com.google.firebase:firebase-firestore:24.0.1] AndroidManifest.xml:13:5-79
20-->[com.google.firebase:firebase-firestore:24.0.1] AndroidManifest.xml:13:22-76
21
22    <uses-feature
22-->[com.google.android.gms:play-services-maps:16.1.0] AndroidManifest.xml:26:5-28:35
23        android:glEsVersion="0x00020000"
23-->[com.google.android.gms:play-services-maps:16.1.0] AndroidManifest.xml:27:9-41
24        android:required="true" /> <!-- Don't require camera, as this requires a rear camera. This allows it to work on the Nexus 7 -->
24-->[com.google.android.gms:play-services-maps:16.1.0] AndroidManifest.xml:28:9-32
25    <uses-feature
25-->[com.journeyapps:zxing-android-embedded:3.4.0] AndroidManifest.xml:24:5-26:36
26        android:name="android.hardware.camera"
26-->[com.journeyapps:zxing-android-embedded:3.4.0] AndroidManifest.xml:25:9-47
27        android:required="false" />
27-->[com.journeyapps:zxing-android-embedded:3.4.0] AndroidManifest.xml:26:9-33
28    <uses-feature
28-->[com.journeyapps:zxing-android-embedded:3.4.0] AndroidManifest.xml:27:5-29:36
29        android:name="android.hardware.camera.front"
29-->[com.journeyapps:zxing-android-embedded:3.4.0] AndroidManifest.xml:28:9-53
30        android:required="false" /> <!-- TODO replace above two with next line after Android 4.2 -->
30-->[com.journeyapps:zxing-android-embedded:3.4.0] AndroidManifest.xml:29:9-33
31    <!-- <uses-feature android:name="android.hardware.camera.any"/> -->
32    <uses-feature
32-->[com.journeyapps:zxing-android-embedded:3.4.0] AndroidManifest.xml:32:5-34:36
33        android:name="android.hardware.camera.autofocus"
33-->[com.journeyapps:zxing-android-embedded:3.4.0] AndroidManifest.xml:33:9-57
34        android:required="false" />
34-->[com.journeyapps:zxing-android-embedded:3.4.0] AndroidManifest.xml:34:9-33
35    <uses-feature
35-->[com.journeyapps:zxing-android-embedded:3.4.0] AndroidManifest.xml:35:5-37:36
36        android:name="android.hardware.camera.flash"
36-->[com.journeyapps:zxing-android-embedded:3.4.0] AndroidManifest.xml:36:9-53
37        android:required="false" />
37-->[com.journeyapps:zxing-android-embedded:3.4.0] AndroidManifest.xml:37:9-33
38    <uses-feature
38-->[com.journeyapps:zxing-android-embedded:3.4.0] AndroidManifest.xml:38:5-40:36
39        android:name="android.hardware.screen.landscape"
39-->[com.journeyapps:zxing-android-embedded:3.4.0] AndroidManifest.xml:39:9-57
40        android:required="false" />
40-->[com.journeyapps:zxing-android-embedded:3.4.0] AndroidManifest.xml:40:9-33
41    <uses-feature
41-->[com.journeyapps:zxing-android-embedded:3.4.0] AndroidManifest.xml:41:5-43:36
42        android:name="android.hardware.wifi"
42-->[com.journeyapps:zxing-android-embedded:3.4.0] AndroidManifest.xml:42:9-45
43        android:required="false" />
43-->[com.journeyapps:zxing-android-embedded:3.4.0] AndroidManifest.xml:43:9-33
44
45    <application
45-->src\main\AndroidManifest.xml:13:5-42:19
46        android:allowBackup="true"
46-->src\main\AndroidManifest.xml:14:9-35
47        android:appComponentFactory="androidx.core.app.CoreComponentFactory"
47-->[androidx.core:core:1.7.0] AndroidManifest.xml:24:18-86
48        android:debuggable="true"
49        android:icon="@mipmap/ic_launcher"
49-->src\main\AndroidManifest.xml:15:9-43
50        android:label="@string/app_name"
50-->src\main\AndroidManifest.xml:16:9-41
51        android:roundIcon="@mipmap/ic_launcher_round"
51-->src\main\AndroidManifest.xml:17:9-54
52        android:supportsRtl="true"
52-->src\main\AndroidManifest.xml:18:9-35
53        android:testOnly="true"
54        android:theme="@style/Theme.QRHunt" >
54-->src\main\AndroidManifest.xml:19:9-44
55        <activity
55-->src\main\AndroidManifest.xml:20:9-22:40
56            android:name="com.example.qrhunt.MapActivity"
56-->src\main\AndroidManifest.xml:21:13-40
57            android:exported="false" />
57-->src\main\AndroidManifest.xml:22:13-37
58
59        <meta-data
59-->src\main\AndroidManifest.xml:24:9-26:71
60            android:name="com.google.android.geo.API_KEY"
60-->src\main\AndroidManifest.xml:25:13-58
61            android:value="AIzaSyBcm-LqO67tSyAGaPEVgQqxSl56EjCY9No" />
61-->src\main\AndroidManifest.xml:26:13-68
62
63        <activity
63-->src\main\AndroidManifest.xml:28:9-36:20
64            android:name="com.example.qrhunt.MainActivity"
64-->src\main\AndroidManifest.xml:29:13-41
65            android:exported="true" >
65-->src\main\AndroidManifest.xml:30:13-36
66            <intent-filter>
66-->src\main\AndroidManifest.xml:31:13-35:29
67                <action android:name="android.intent.action.MAIN" />
67-->src\main\AndroidManifest.xml:32:17-69
67-->src\main\AndroidManifest.xml:32:25-66
68
69                <category android:name="android.intent.category.LAUNCHER" />
69-->src\main\AndroidManifest.xml:34:17-77
69-->src\main\AndroidManifest.xml:34:27-74
70            </intent-filter>
71        </activity>
72        <activity
72-->src\main\AndroidManifest.xml:37:9-41:57
73            android:name="com.example.qrhunt.Capture"
73-->src\main\AndroidManifest.xml:38:13-36
74            android:screenOrientation="portrait"
74-->src\main\AndroidManifest.xml:39:13-49
75            android:stateNotNeeded="true"
75-->src\main\AndroidManifest.xml:40:13-42
76            android:theme="@style/zxing_CaptureTheme" />
76-->src\main\AndroidManifest.xml:41:13-54
77
78        <service
78-->[com.google.firebase:firebase-firestore:24.0.1] AndroidManifest.xml:17:9-23:19
79            android:name="com.google.firebase.components.ComponentDiscoveryService"
79-->[com.google.firebase:firebase-firestore:24.0.1] AndroidManifest.xml:18:13-84
80            android:directBootAware="true"
80-->[com.google.firebase:firebase-common:20.1.0] AndroidManifest.xml:35:13-43
81            android:exported="false" >
81-->[com.google.firebase:firebase-firestore:24.0.1] AndroidManifest.xml:19:13-37
82            <meta-data
82-->[com.google.firebase:firebase-firestore:24.0.1] AndroidManifest.xml:20:13-22:85
83                android:name="com.google.firebase.components:com.google.firebase.firestore.FirestoreRegistrar"
83-->[com.google.firebase:firebase-firestore:24.0.1] AndroidManifest.xml:21:17-111
84                android:value="com.google.firebase.components.ComponentRegistrar" />
84-->[com.google.firebase:firebase-firestore:24.0.1] AndroidManifest.xml:22:17-82
85            <meta-data
85-->[com.google.firebase:firebase-database:20.0.4] AndroidManifest.xml:32:13-34:85
86                android:name="com.google.firebase.components:com.google.firebase.database.DatabaseRegistrar"
86-->[com.google.firebase:firebase-database:20.0.4] AndroidManifest.xml:33:17-109
87                android:value="com.google.firebase.components.ComponentRegistrar" />
87-->[com.google.firebase:firebase-database:20.0.4] AndroidManifest.xml:34:17-82
88        </service> <!-- Needs to be explicitly declared on P+ -->
89        <uses-library
89-->[com.google.android.gms:play-services-maps:16.1.0] AndroidManifest.xml:33:9-35:40
90            android:name="org.apache.http.legacy"
90-->[com.google.android.gms:play-services-maps:16.1.0] AndroidManifest.xml:34:13-50
91            android:required="false" />
91-->[com.google.android.gms:play-services-maps:16.1.0] AndroidManifest.xml:35:13-37
92
93        <activity
93-->[com.journeyapps:zxing-android-embedded:3.4.0] AndroidManifest.xml:46:9-52:63
94            android:name="com.journeyapps.barcodescanner.CaptureActivity"
94-->[com.journeyapps:zxing-android-embedded:3.4.0] AndroidManifest.xml:47:13-74
95            android:clearTaskOnLaunch="true"
95-->[com.journeyapps:zxing-android-embedded:3.4.0] AndroidManifest.xml:48:13-45
96            android:screenOrientation="sensorLandscape"
96-->[com.journeyapps:zxing-android-embedded:3.4.0] AndroidManifest.xml:49:13-56
97            android:stateNotNeeded="true"
97-->[com.journeyapps:zxing-android-embedded:3.4.0] AndroidManifest.xml:50:13-42
98            android:theme="@style/zxing_CaptureTheme"
98-->[com.journeyapps:zxing-android-embedded:3.4.0] AndroidManifest.xml:51:13-54
99            android:windowSoftInputMode="stateAlwaysHidden" />
99-->[com.journeyapps:zxing-android-embedded:3.4.0] AndroidManifest.xml:52:13-60
100        <activity
100-->[com.google.android.gms:play-services-base:18.0.1] AndroidManifest.xml:20:9-22:45
101            android:name="com.google.android.gms.common.api.GoogleApiActivity"
101-->[com.google.android.gms:play-services-base:18.0.1] AndroidManifest.xml:20:19-85
102            android:exported="false"
102-->[com.google.android.gms:play-services-base:18.0.1] AndroidManifest.xml:22:19-43
103            android:theme="@android:style/Theme.Translucent.NoTitleBar" />
103-->[com.google.android.gms:play-services-base:18.0.1] AndroidManifest.xml:21:19-78
104
105        <provider
105-->[com.google.firebase:firebase-common:20.1.0] AndroidManifest.xml:26:9-31:39
106            android:name="com.google.firebase.provider.FirebaseInitProvider"
106-->[com.google.firebase:firebase-common:20.1.0] AndroidManifest.xml:27:13-77
107            android:authorities="com.example.qrhunt.firebaseinitprovider"
107-->[com.google.firebase:firebase-common:20.1.0] AndroidManifest.xml:28:13-72
108            android:directBootAware="true"
108-->[com.google.firebase:firebase-common:20.1.0] AndroidManifest.xml:29:13-43
109            android:exported="false"
109-->[com.google.firebase:firebase-common:20.1.0] AndroidManifest.xml:30:13-37
110            android:initOrder="100" />
110-->[com.google.firebase:firebase-common:20.1.0] AndroidManifest.xml:31:13-36
111
112        <meta-data
112-->[com.google.android.gms:play-services-basement:18.0.0] AndroidManifest.xml:21:9-23:69
113            android:name="com.google.android.gms.version"
113-->[com.google.android.gms:play-services-basement:18.0.0] AndroidManifest.xml:22:13-58
114            android:value="@integer/google_play_services_version" />
114-->[com.google.android.gms:play-services-basement:18.0.0] AndroidManifest.xml:23:13-66
115
116        <provider
116-->[androidx.emoji2:emoji2:1.0.0] AndroidManifest.xml:26:9-34:20
117            android:name="androidx.startup.InitializationProvider"
117-->[androidx.emoji2:emoji2:1.0.0] AndroidManifest.xml:27:13-67
118            android:authorities="com.example.qrhunt.androidx-startup"
118-->[androidx.emoji2:emoji2:1.0.0] AndroidManifest.xml:28:13-68
119            android:exported="false" >
119-->[androidx.emoji2:emoji2:1.0.0] AndroidManifest.xml:29:13-37
120            <meta-data
120-->[androidx.emoji2:emoji2:1.0.0] AndroidManifest.xml:31:13-33:52
121                android:name="androidx.emoji2.text.EmojiCompatInitializer"
121-->[androidx.emoji2:emoji2:1.0.0] AndroidManifest.xml:32:17-75
122                android:value="androidx.startup" />
122-->[androidx.emoji2:emoji2:1.0.0] AndroidManifest.xml:33:17-49
123            <meta-data
123-->[androidx.lifecycle:lifecycle-process:2.4.0] AndroidManifest.xml:31:13-33:52
124                android:name="androidx.lifecycle.ProcessLifecycleInitializer"
124-->[androidx.lifecycle:lifecycle-process:2.4.0] AndroidManifest.xml:32:17-78
125                android:value="androidx.startup" />
125-->[androidx.lifecycle:lifecycle-process:2.4.0] AndroidManifest.xml:33:17-49
126        </provider>
127    </application>
128
129</manifest>